\BOOKMARK [1][-]{section.1}{How to compile code and start modules}{}% 1
\BOOKMARK [1][-]{section.2}{Problem Statement}{}% 2
\BOOKMARK [1][-]{section.3}{Problem Objectives}{}% 3
\BOOKMARK [1][-]{section.4}{Sprint Retrospective}{}% 4
\BOOKMARK [2][-]{subsection.4.1}{Sprint 1: 24 Aug-31 Aug}{section.4}% 5
\BOOKMARK [2][-]{subsection.4.2}{Sprint 2: 31 Aug-7 Sep}{section.4}% 6
\BOOKMARK [2][-]{subsection.4.3}{Sprint 3: 7 Sep-21 Sep}{section.4}% 7
\BOOKMARK [1][-]{section.5}{Testing}{}% 8
\BOOKMARK [2][-]{subsection.5.1}{Back-End Testing}{section.5}% 9
\BOOKMARK [2][-]{subsection.5.2}{Front-end Testing}{section.5}% 10
\BOOKMARK [1][-]{section.6}{System Requirements}{}% 11
\BOOKMARK [2][-]{subsection.6.1}{Product Scope}{section.6}% 12
\BOOKMARK [3][-]{subsubsection.6.1.1}{Purpose}{subsection.6.1}% 13
\BOOKMARK [3][-]{subsubsection.6.1.2}{Product Overview}{subsection.6.1}% 14
\BOOKMARK [3][-]{subsubsection.6.1.3}{Product Function}{subsection.6.1}% 15
\BOOKMARK [3][-]{subsubsection.6.1.4}{User Classes and Characteristics}{subsection.6.1}% 16
\BOOKMARK [3][-]{subsubsection.6.1.5}{Operating Environment}{subsection.6.1}% 17
\BOOKMARK [3][-]{subsubsection.6.1.6}{Assumptions and Dependencies}{subsection.6.1}% 18
\BOOKMARK [2][-]{subsection.6.2}{Intended User and User Goals}{section.6}% 19
\BOOKMARK [3][-]{subsubsection.6.2.1}{Key High Level Goals and Problems}{subsection.6.2}% 20
\BOOKMARK [3][-]{subsubsection.6.2.2}{User Level Goals}{subsection.6.2}% 21
\BOOKMARK [3][-]{subsubsection.6.2.3}{Environment}{subsection.6.2}% 22
\BOOKMARK [2][-]{subsection.6.3}{Constraints}{section.6}% 23
\BOOKMARK [3][-]{subsubsection.6.3.1}{Legal Issues}{subsection.6.3}% 24
\BOOKMARK [3][-]{subsubsection.6.3.2}{Implementation and Software}{subsection.6.3}% 25
\BOOKMARK [3][-]{subsubsection.6.3.3}{Hardware}{subsection.6.3}% 26
\BOOKMARK [2][-]{subsection.6.4}{Pricing and Implementation Costs}{section.6}% 27
\BOOKMARK [2][-]{subsection.6.5}{Quality}{section.6}% 28
\BOOKMARK [3][-]{subsubsection.6.5.1}{Correctness}{subsection.6.5}% 29
\BOOKMARK [3][-]{subsubsection.6.5.2}{Reliability and Efficiency}{subsection.6.5}% 30
\BOOKMARK [3][-]{subsubsection.6.5.3}{Integrity}{subsection.6.5}% 31
\BOOKMARK [3][-]{subsubsection.6.5.4}{Usability and Portability}{subsection.6.5}% 32
\BOOKMARK [3][-]{subsubsection.6.5.5}{Maintainability, Flexibility and Reusability}{subsection.6.5}% 33
\BOOKMARK [3][-]{subsubsection.6.5.6}{Testability}{subsection.6.5}% 34
\BOOKMARK [2][-]{subsection.6.6}{External Interface Requirements}{section.6}% 35
\BOOKMARK [3][-]{subsubsection.6.6.1}{User Interfaces}{subsection.6.6}% 36
\BOOKMARK [3][-]{subsubsection.6.6.2}{Hardware Interfaces}{subsection.6.6}% 37
\BOOKMARK [3][-]{subsubsection.6.6.3}{Software Interfaces}{subsection.6.6}% 38
\BOOKMARK [2][-]{subsection.6.7}{System Features}{section.6}% 39
\BOOKMARK [3][-]{subsubsection.6.7.1}{Minimum Shopping Expenses 1}{subsection.6.7}% 40
\BOOKMARK [3][-]{subsubsection.6.7.2}{Minimum Shopping Expenses 2}{subsection.6.7}% 41
\BOOKMARK [3][-]{subsubsection.6.7.3}{Minimum Travel Time}{subsection.6.7}% 42
\BOOKMARK [3][-]{subsubsection.6.7.4}{Minimum Total Expenses}{subsection.6.7}% 43
\BOOKMARK [3][-]{subsubsection.6.7.5}{Account/Login}{subsection.6.7}% 44
\BOOKMARK [3][-]{subsubsection.6.7.6}{Item Success Tracking}{subsection.6.7}% 45
\BOOKMARK [2][-]{subsection.6.8}{Security Requirements}{section.6}% 46
\BOOKMARK [1][-]{section.7}{This is section }{}% 47
\BOOKMARK [2][-]{subsection.7.1}{This is a subsection}{section.7}% 48
\BOOKMARK [1][-]{section.8}{This is section }{}% 49
\BOOKMARK [2][-]{subsection.8.1}{Adding images}{section.8}% 50
\BOOKMARK [2][-]{subsection.8.2}{Centered}{section.8}% 51
\BOOKMARK [2][-]{subsection.8.3}{Wrapped}{section.8}% 52
\BOOKMARK [1][-]{section.9}{Section }{}% 53
\BOOKMARK [2][-]{subsection.9.1}{yeah}{section.9}% 54
